# JRE version: OpenJDK Runtime Environment (8.0_152-b01) (build 1.8.0_152-release-1024-b01)
# Java VM: OpenJDK 64-Bit Server VM (25.152-b01 mixed mode linux-amd64 compressed oops)
Heap:
 PSYoungGen      total 459264K, used 9048K [0x00000000e0000000, 0x00000000ffc00000, 0x0000000100000000)
  eden space 398848K, 0% used [0x00000000e0000000,0x00000000e0000000,0x00000000f8580000)
  from space 60416K, 14% used [0x00000000fc100000,0x00000000fc9d6070,0x00000000ffc00000)
  to   space 14336K, 0% used [0x00000000f8580000,0x00000000f8580000,0x00000000f9380000)
 ParOldGen       total 206336K, used 158914K [0x00000000a0000000, 0x00000000ac980000, 0x00000000e0000000)
  object space 206336K, 77% used [0x00000000a0000000,0x00000000a9b30940,0x00000000ac980000)
 Metaspace       used 161086K, capacity 169894K, committed 170112K, reserved 1198080K
  class space    used 20510K, capacity 22363K, committed 22400K, reserved 1048576K
GC Heap History (10 events):
Event: 2012.952 GC heap after
Heap after GC invocations=30 (full 5):
 PSYoungGen      total 403968K, used 46061K [0x00000000e0000000, 0x00000000fe400000, 0x0000000100000000)
  eden space 357888K, 0% used [0x00000000e0000000,0x00000000e0000000,0x00000000f5d80000)
  from space 46080K, 99% used [0x00000000f5d80000,0x00000000f8a7b740,0x00000000f8a80000)
  to   space 54272K, 0% used [0x00000000faf00000,0x00000000faf00000,0x00000000fe400000)
 ParOldGen       total 206336K, used 110541K [0x00000000a0000000, 0x00000000ac980000, 0x00000000e0000000)
  object space 206336K, 53% used [0x00000000a0000000,0x00000000a6bf3510,0x00000000ac980000)
 Metaspace       used 160385K, capacity 169090K, committed 169344K, reserved 1196032K
  class space    used 20485K, capacity 22329K, committed 22400K, reserved 1048576K
}
Event: 2015.281 GC heap before
{Heap before GC invocations=31 (full 5):
 PSYoungGen      total 403968K, used 403949K [0x00000000e0000000, 0x00000000fe400000, 0x0000000100000000)
  eden space 357888K, 100% used [0x00000000e0000000,0x00000000f5d80000,0x00000000f5d80000)
  from space 46080K, 99% used [0x00000000f5d80000,0x00000000f8a7b740,0x00000000f8a80000)
  to   space 54272K, 0% used [0x00000000faf00000,0x00000000faf00000,0x00000000fe400000)
 ParOldGen       total 206336K, used 110541K [0x00000000a0000000, 0x00000000ac980000, 0x00000000e0000000)
  object space 206336K, 53% used [0x00000000a0000000,0x00000000a6bf3510,0x00000000ac980000)
 Metaspace       used 160737K, capacity 169540K, committed 169600K, reserved 1196032K
  class space    used 20505K, capacity 22362K, committed 22400K, reserved 1048576K
Event: 2015.409 GC heap after
Heap after GC invocations=31 (full 5):
 PSYoungGen      total 434688K, used 49623K [0x00000000e0000000, 0x0000000100000000, 0x0000000100000000)
  eden space 380416K, 0% used [0x00000000e0000000,0x00000000e0000000,0x00000000f7380000)
  from space 54272K, 91% used [0x00000000faf00000,0x00000000fdf75da0,0x00000000fe400000)
  to   space 60928K, 0% used [0x00000000f7380000,0x00000000f7380000,0x00000000faf00000)
 ParOldGen       total 206336K, used 110549K [0x00000000a0000000, 0x00000000ac980000, 0x00000000e0000000)
  object space 206336K, 53% used [0x00000000a0000000,0x00000000a6bf5510,0x00000000ac980000)
 Metaspace       used 160737K, capacity 169540K, committed 169600K, reserved 1196032K
  class space    used 20505K, capacity 22362K, committed 22400K, reserved 1048576K
}
Event: 2017.494 GC heap before
{Heap before GC invocations=32 (full 5):
 PSYoungGen      total 434688K, used 430039K [0x00000000e0000000, 0x0000000100000000, 0x0000000100000000)
  eden space 380416K, 100% used [0x00000000e0000000,0x00000000f7380000,0x00000000f7380000)
  from space 54272K, 91% used [0x00000000faf00000,0x00000000fdf75da0,0x00000000fe400000)
  to   space 60928K, 0% used [0x00000000f7380000,0x00000000f7380000,0x00000000faf00000)
 ParOldGen       total 206336K, used 110549K [0x00000000a0000000, 0x00000000ac980000, 0x00000000e0000000)
  object space 206336K, 53% used [0x00000000a0000000,0x00000000a6bf5510,0x00000000ac980000)
 Metaspace       used 160908K, capacity 169688K, committed 169856K, reserved 1196032K
  class space    used 20508K, capacity 22362K, committed 22400K, reserved 1048576K
Event: 2017.573 GC heap after
Heap after GC invocations=32 (full 5):
 PSYoungGen      total 441344K, used 41864K [0x00000000e0000000, 0x0000000100000000, 0x0000000100000000)
  eden space 380416K, 0% used [0x00000000e0000000,0x00000000e0000000,0x00000000f7380000)
  from space 60928K, 68% used [0x00000000f7380000,0x00000000f9c620c8,0x00000000faf00000)
  to   space 63488K, 0% used [0x00000000fc200000,0x00000000fc200000,0x0000000100000000)
 ParOldGen       total 206336K, used 115590K [0x00000000a0000000, 0x00000000ac980000, 0x00000000e0000000)
  object space 206336K, 56% used [0x00000000a0000000,0x00000000a70e1988,0x00000000ac980000)
 Metaspace       used 160908K, capacity 169688K, committed 169856K, reserved 1196032K
  class space    used 20508K, capacity 22362K, committed 22400K, reserved 1048576K
}
Event: 2019.298 GC heap before
{Heap before GC invocations=33 (full 5):
 PSYoungGen      total 441344K, used 422280K [0x00000000e0000000, 0x0000000100000000, 0x0000000100000000)
  eden space 380416K, 100% used [0x00000000e0000000,0x00000000f7380000,0x00000000f7380000)
  from space 60928K, 68% used [0x00000000f7380000,0x00000000f9c620c8,0x00000000faf00000)
  to   space 63488K, 0% used [0x00000000fc200000,0x00000000fc200000,0x0000000100000000)
 ParOldGen       total 206336K, used 115590K [0x00000000a0000000, 0x00000000ac980000, 0x00000000e0000000)
  object space 206336K, 56% used [0x00000000a0000000,0x00000000a70e1988,0x00000000ac980000)
 Metaspace       used 161021K, capacity 169824K, committed 170112K, reserved 1198080K
  class space    used 20509K, capacity 22362K, committed 22400K, reserved 1048576K
Event: 2021.101 GC heap after
Heap after GC invocations=33 (full 5):
 PSYoungGen      total 461824K, used 15569K [0x00000000e0000000, 0x00000000fff80000, 0x0000000100000000)
  eden space 398848K, 0% used [0x00000000e0000000,0x00000000e0000000,0x00000000f8580000)
  from space 62976K, 24% used [0x00000000fc200000,0x00000000fd1347e8,0x00000000fff80000)
  to   space 61952K, 0% used [0x00000000f8580000,0x00000000f8580000,0x00000000fc200000)
 ParOldGen       total 206336K, used 144127K [0x00000000a0000000, 0x00000000ac980000, 0x00000000e0000000)
  object space 206336K, 69% used [0x00000000a0000000,0x00000000a8cbfd58,0x00000000ac980000)
 Metaspace       used 161021K, capacity 169824K, committed 170112K, reserved 1198080K
  class space    used 20509K, capacity 22362K, committed 22400K, reserved 1048576K
}
Event: 2026.681 GC heap before
{Heap before GC invocations=34 (full 5):
 PSYoungGen      total 461824K, used 414417K [0x00000000e0000000, 0x00000000fff80000, 0x0000000100000000)
  eden space 398848K, 100% used [0x00000000e0000000,0x00000000f8580000,0x00000000f8580000)
  from space 62976K, 24% used [0x00000000fc200000,0x00000000fd1347e8,0x00000000fff80000)
  to   space 61952K, 0% used [0x00000000f8580000,0x00000000f8580000,0x00000000fc200000)
 ParOldGen       total 206336K, used 144127K [0x00000000a0000000, 0x00000000ac980000, 0x00000000e0000000)
  object space 206336K, 69% used [0x00000000a0000000,0x00000000a8cbfd58,0x00000000ac980000)
 Metaspace       used 161027K, capacity 169826K, committed 170112K, reserved 1198080K
  class space    used 20510K, capacity 22363K, committed 22400K, reserved 1048576K
Event: 2028.700 GC heap after
Heap after GC invocations=34 (full 5):
 PSYoungGen      total 413184K, used 14182K [0x00000000e0000000, 0x00000000ffc00000, 0x0000000100000000)
  eden space 398848K, 0% used [0x00000000e0000000,0x00000000e0000000,0x00000000f8580000)
  from space 14336K, 98% used [0x00000000f8580000,0x00000000f9359b00,0x00000000f9380000)
  to   space 60416K, 0% used [0x00000000fc100000,0x00000000fc100000,0x00000000ffc00000)
 ParOldGen       total 206336K, used 151018K [0x00000000a0000000, 0x00000000ac980000, 0x00000000e0000000)
  object space 206336K, 73% used [0x00000000a0000000,0x00000000a937aa80,0x00000000ac980000)
 Metaspace       used 161027K, capacity 169826K, committed 170112K, reserved 1198080K
  class space    used 20510K, capacity 22363K, committed 22400K, reserved 1048576K
}
Event: 2032.485 GC heap before
{Heap before GC invocations=35 (full 5):
 PSYoungGen      total 413184K, used 413030K [0x00000000e0000000, 0x00000000ffc00000, 0x0000000100000000)
  eden space 398848K, 100% used [0x00000000e0000000,0x00000000f8580000,0x00000000f8580000)
  from space 14336K, 98% used [0x00000000f8580000,0x00000000f9359b00,0x00000000f9380000)
  to   space 60416K, 0% used [0x00000000fc100000,0x00000000fc100000,0x00000000ffc00000)
 ParOldGen       total 206336K, used 151018K [0x00000000a0000000, 0x00000000ac980000, 0x00000000e0000000)
  object space 206336K, 73% used [0x00000000a0000000,0x00000000a937aa80,0x00000000ac980000)
 Metaspace       used 161086K, capacity 169894K, committed 170112K, reserved 1198080K
  class space    used 20510K, capacity 22363K, committed 22400K, reserved 1048576K

